[INFO ] 2023-05-07 19:06:30.984 [TestNG-test=Submit Order Test-1] BaseTest - Converted Json into HashMap.
[INFO ] 2023-05-07 19:06:30.996 [TestNG-test=Submit Order Test-1] BaseTest - WebDriver driver initialized.
[INFO ] 2023-05-07 19:06:32.651 [TestNG-test=Submit Order Test-1] BaseTest - Browser is selected as Chrome
[INFO ] 2023-05-07 19:06:33.364 [TestNG-test=Submit Order Test-1] BaseTest - Landing Page opened successfully.
[INFO ] 2023-05-07 19:06:38.294 [TestNG-test=Submit Order Test-1] BaseTest - Driver closed successfully
[INFO ] 2023-05-07 19:06:38.295 [TestNG-test=Submit Order Test-1] BaseTest - WebDriver driver initialized.
[INFO ] 2023-05-07 19:06:38.986 [TestNG-test=Submit Order Test-1] BaseTest - Browser is selected as Chrome
[INFO ] 2023-05-07 19:06:40.488 [TestNG-test=Submit Order Test-1] BaseTest - Landing Page opened successfully.
[INFO ] 2023-05-07 19:06:45.336 [TestNG-test=Submit Order Test-1] BaseTest - Driver closed successfully
[INFO ] 2023-05-07 19:06:45.337 [TestNG-test=Submit Order Test-1] BaseTest - WebDriver driver initialized.
[INFO ] 2023-05-07 19:06:45.988 [TestNG-test=Submit Order Test-1] BaseTest - Browser is selected as Chrome
[INFO ] 2023-05-07 19:06:46.635 [TestNG-test=Submit Order Test-1] BaseTest - Landing Page opened successfully.
[INFO ] 2023-05-07 19:06:51.542 [TestNG-test=Submit Order Test-1] BaseTest - Driver closed successfully
[INFO ] 2023-05-07 19:06:51.546 [TestNG-test=Submit Order Test-2] BaseTest - Converted Json into HashMap.
[INFO ] 2023-05-07 19:06:51.546 [TestNG-test=Submit Order Test-2] BaseTest - WebDriver driver initialized.
[INFO ] 2023-05-07 19:06:52.153 [TestNG-test=Submit Order Test-2] BaseTest - Browser is selected as Chrome
[INFO ] 2023-05-07 19:06:52.789 [TestNG-test=Submit Order Test-2] BaseTest - Landing Page opened successfully.
[INFO ] 2023-05-07 19:06:53.376 [TestNG-test=Submit Order Test-2] BaseTest - Driver closed successfully
[INFO ] 2023-05-07 19:06:53.377 [TestNG-test=Submit Order Test-2] BaseTest - WebDriver driver initialized.
[INFO ] 2023-05-07 19:06:54.050 [TestNG-test=Submit Order Test-2] BaseTest - Browser is selected as Chrome
[INFO ] 2023-05-07 19:06:55.508 [TestNG-test=Submit Order Test-2] BaseTest - Landing Page opened successfully.
[INFO ] 2023-05-07 19:06:56.152 [TestNG-test=Submit Order Test-2] BaseTest - Driver closed successfully
[INFO ] 2023-05-07 19:06:56.153 [TestNG-test=Submit Order Test-2] BaseTest - WebDriver driver initialized.
[INFO ] 2023-05-07 19:06:56.794 [TestNG-test=Submit Order Test-2] BaseTest - Browser is selected as Chrome
[INFO ] 2023-05-07 19:06:57.412 [TestNG-test=Submit Order Test-2] BaseTest - Landing Page opened successfully.
[INFO ] 2023-05-07 19:06:58.056 [TestNG-test=Submit Order Test-2] BaseTest - Driver closed successfully
[INFO ] 2023-05-07 19:06:58.307 [TestNG-test=Error Validation Test-1] BaseTest - WebDriver driver initialized.
[INFO ] 2023-05-07 19:06:58.942 [TestNG-test=Error Validation Test-1] BaseTest - Browser is selected as Chrome
[INFO ] 2023-05-07 19:06:59.554 [TestNG-test=Error Validation Test-1] BaseTest - Landing Page opened successfully.
[INFO ] 2023-05-07 19:07:00.638 [TestNG-test=Error Validation Test-1] BaseTest - Driver closed successfully
[INFO ] 2023-05-07 19:24:38.821 [TestNG-test=Submit Order Test-1] BaseTest - Converted Json into HashMap.
[INFO ] 2023-05-07 19:24:38.823 [TestNG-test=Submit Order Test-1] BaseTest - Data fetched successfully from getData() method.
[INFO ] 2023-05-07 19:24:38.836 [TestNG-test=Submit Order Test-1] BaseTest - WebDriver driver initialized.
[INFO ] 2023-05-07 19:24:40.766 [TestNG-test=Submit Order Test-1] BaseTest - Browser is selected as Chrome
[INFO ] 2023-05-07 19:24:41.482 [TestNG-test=Submit Order Test-1] BaseTest - Landing Page opened successfully.
[INFO ] 2023-05-07 19:24:41.742 [TestNG-test=Submit Order Test-1] BaseTest - Login successful.
[INFO ] 2023-05-07 19:24:42.146 [TestNG-test=Submit Order Test-1] BaseTest - Product added to the Cart.
[INFO ] 2023-05-07 19:24:45.219 [TestNG-test=Submit Order Test-1] BaseTest - Cart button clicked successfully.
[INFO ] 2023-05-07 19:24:45.305 [TestNG-test=Submit Order Test-1] BaseTest - Cart Validation successful.
[INFO ] 2023-05-07 19:24:45.363 [TestNG-test=Submit Order Test-1] BaseTest - Clicked on Checkout Button.
[INFO ] 2023-05-07 19:24:45.934 [TestNG-test=Submit Order Test-1] BaseTest - Country selected from Dropdown
[INFO ] 2023-05-07 19:24:45.973 [TestNG-test=Submit Order Test-1] BaseTest - Order placed successfully
[INFO ] 2023-05-07 19:24:46.142 [TestNG-test=Submit Order Test-1] BaseTest - Confirmation Message for order placement validated.
[INFO ] 2023-05-07 19:24:46.366 [TestNG-test=Submit Order Test-1] BaseTest - Driver closed successfully
[INFO ] 2023-05-07 19:24:46.367 [TestNG-test=Submit Order Test-1] BaseTest - WebDriver driver initialized.
[INFO ] 2023-05-07 19:24:47.030 [TestNG-test=Submit Order Test-1] BaseTest - Browser is selected as Chrome
[INFO ] 2023-05-07 19:24:47.711 [TestNG-test=Submit Order Test-1] BaseTest - Landing Page opened successfully.
[INFO ] 2023-05-07 19:24:47.923 [TestNG-test=Submit Order Test-1] BaseTest - Login successful.
[INFO ] 2023-05-07 19:24:48.304 [TestNG-test=Submit Order Test-1] BaseTest - Product added to the Cart.
[INFO ] 2023-05-07 19:24:51.387 [TestNG-test=Submit Order Test-1] BaseTest - Cart button clicked successfully.
[INFO ] 2023-05-07 19:24:51.471 [TestNG-test=Submit Order Test-1] BaseTest - Cart Validation successful.
[INFO ] 2023-05-07 19:24:51.523 [TestNG-test=Submit Order Test-1] BaseTest - Clicked on Checkout Button.
[INFO ] 2023-05-07 19:24:52.086 [TestNG-test=Submit Order Test-1] BaseTest - Country selected from Dropdown
[INFO ] 2023-05-07 19:24:52.126 [TestNG-test=Submit Order Test-1] BaseTest - Order placed successfully
[INFO ] 2023-05-07 19:24:52.292 [TestNG-test=Submit Order Test-1] BaseTest - Confirmation Message for order placement validated.
[INFO ] 2023-05-07 19:24:52.498 [TestNG-test=Submit Order Test-1] BaseTest - Driver closed successfully
[INFO ] 2023-05-07 19:24:52.499 [TestNG-test=Submit Order Test-1] BaseTest - WebDriver driver initialized.
[INFO ] 2023-05-07 19:24:53.168 [TestNG-test=Submit Order Test-1] BaseTest - Browser is selected as Chrome
[INFO ] 2023-05-07 19:24:53.815 [TestNG-test=Submit Order Test-1] BaseTest - Landing Page opened successfully.
[INFO ] 2023-05-07 19:24:54.027 [TestNG-test=Submit Order Test-1] BaseTest - Login successful.
[INFO ] 2023-05-07 19:24:54.426 [TestNG-test=Submit Order Test-1] BaseTest - Product added to the Cart.
[INFO ] 2023-05-07 19:24:57.511 [TestNG-test=Submit Order Test-1] BaseTest - Cart button clicked successfully.
[INFO ] 2023-05-07 19:24:57.593 [TestNG-test=Submit Order Test-1] BaseTest - Cart Validation successful.
[INFO ] 2023-05-07 19:24:57.651 [TestNG-test=Submit Order Test-1] BaseTest - Clicked on Checkout Button.
[INFO ] 2023-05-07 19:24:58.223 [TestNG-test=Submit Order Test-1] BaseTest - Country selected from Dropdown
[INFO ] 2023-05-07 19:24:58.262 [TestNG-test=Submit Order Test-1] BaseTest - Order placed successfully
[INFO ] 2023-05-07 19:24:58.426 [TestNG-test=Submit Order Test-1] BaseTest - Confirmation Message for order placement validated.
[INFO ] 2023-05-07 19:24:58.636 [TestNG-test=Submit Order Test-1] BaseTest - Driver closed successfully
[INFO ] 2023-05-07 19:24:58.641 [TestNG-test=Submit Order Test-2] BaseTest - Converted Json into HashMap.
[INFO ] 2023-05-07 19:24:58.642 [TestNG-test=Submit Order Test-2] BaseTest - Data fetched successfully from getData() method.
[INFO ] 2023-05-07 19:24:58.642 [TestNG-test=Submit Order Test-2] BaseTest - WebDriver driver initialized.
[INFO ] 2023-05-07 19:24:59.318 [TestNG-test=Submit Order Test-2] BaseTest - Browser is selected as Chrome
[INFO ] 2023-05-07 19:24:59.989 [TestNG-test=Submit Order Test-2] BaseTest - Landing Page opened successfully.
[INFO ] 2023-05-07 19:25:00.206 [TestNG-test=Submit Order Test-2] BaseTest - Login successful.
[INFO ] 2023-05-07 19:25:00.444 [TestNG-test=Submit Order Test-2] BaseTest - Clicked on orders Tab.
[INFO ] 2023-05-07 19:25:00.577 [TestNG-test=Submit Order Test-2] BaseTest - Driver closed successfully
[INFO ] 2023-05-07 19:25:00.578 [TestNG-test=Submit Order Test-2] BaseTest - WebDriver driver initialized.
[INFO ] 2023-05-07 19:25:01.243 [TestNG-test=Submit Order Test-2] BaseTest - Browser is selected as Chrome
[INFO ] 2023-05-07 19:25:01.891 [TestNG-test=Submit Order Test-2] BaseTest - Landing Page opened successfully.
[INFO ] 2023-05-07 19:25:02.109 [TestNG-test=Submit Order Test-2] BaseTest - Login successful.
[INFO ] 2023-05-07 19:25:02.347 [TestNG-test=Submit Order Test-2] BaseTest - Clicked on orders Tab.
[INFO ] 2023-05-07 19:25:02.493 [TestNG-test=Submit Order Test-2] BaseTest - Driver closed successfully
[INFO ] 2023-05-07 19:25:02.494 [TestNG-test=Submit Order Test-2] BaseTest - WebDriver driver initialized.
[INFO ] 2023-05-07 19:25:03.212 [TestNG-test=Submit Order Test-2] BaseTest - Browser is selected as Chrome
[INFO ] 2023-05-07 19:25:03.891 [TestNG-test=Submit Order Test-2] BaseTest - Landing Page opened successfully.
[INFO ] 2023-05-07 19:25:04.107 [TestNG-test=Submit Order Test-2] BaseTest - Login successful.
[INFO ] 2023-05-07 19:25:04.341 [TestNG-test=Submit Order Test-2] BaseTest - Clicked on orders Tab.
[INFO ] 2023-05-07 19:25:04.501 [TestNG-test=Submit Order Test-2] BaseTest - Driver closed successfully
[INFO ] 2023-05-07 19:25:04.773 [TestNG-test=Error Validation Test-1] BaseTest - WebDriver driver initialized.
[INFO ] 2023-05-07 19:25:05.410 [TestNG-test=Error Validation Test-1] BaseTest - Browser is selected as Chrome
[INFO ] 2023-05-07 19:25:06.061 [TestNG-test=Error Validation Test-1] BaseTest - Landing Page opened successfully.
[INFO ] 2023-05-07 19:25:06.275 [TestNG-test=Error Validation Test-1] BaseTest - Login successful.
[INFO ] 2023-05-07 19:25:06.468 [TestNG-test=Error Validation Test-1] BaseTest - Error Message validated.
[INFO ] 2023-05-07 19:25:06.583 [TestNG-test=Error Validation Test-1] BaseTest - Driver closed successfully
