[INFO ] 2023-05-16 00:56:52.294 [main] BaseTest - WebDriver driver initialized.
[INFO ] 2023-05-16 00:56:53.776 [main] BaseTest - Browser is selected as Chrome Headless
[INFO ] 2023-05-16 00:56:58.091 [main] BaseTest - Landing Page opened successfully.
[INFO ] 2023-05-16 00:56:59.884 [main] BaseTest - WebDriver driver initialized.
[INFO ] 2023-05-16 00:57:00.490 [main] BaseTest - Browser is selected as Chrome Headless
[INFO ] 2023-05-16 00:57:02.025 [main] BaseTest - Landing Page opened successfully.
[INFO ] 2023-05-16 00:57:03.647 [main] BaseTest - WebDriver driver initialized.
[INFO ] 2023-05-16 00:57:04.244 [main] BaseTest - Browser is selected as Chrome Headless
[INFO ] 2023-05-16 00:57:05.770 [main] BaseTest - Landing Page opened successfully.
[INFO ] 2023-05-16 00:59:35.677 [main] BaseTest - WebDriver driver initialized.
[INFO ] 2023-05-16 00:59:37.032 [main] BaseTest - Browser is selected as Chrome Headless
[INFO ] 2023-05-16 00:59:38.864 [main] BaseTest - Landing Page opened successfully.
[INFO ] 2023-05-16 00:59:40.549 [main] BaseTest - WebDriver driver initialized.
[INFO ] 2023-05-16 00:59:41.147 [main] BaseTest - Browser is selected as Chrome Headless
[INFO ] 2023-05-16 00:59:42.695 [main] BaseTest - Landing Page opened successfully.
[INFO ] 2023-05-16 00:59:44.342 [main] BaseTest - WebDriver driver initialized.
[INFO ] 2023-05-16 00:59:44.940 [main] BaseTest - Browser is selected as Chrome Headless
[INFO ] 2023-05-16 00:59:46.484 [main] BaseTest - Landing Page opened successfully.
[INFO ] 2023-05-16 01:04:12.113 [main] BaseTest - WebDriver driver initialized.
[INFO ] 2023-05-16 01:04:13.514 [main] BaseTest - Browser is selected as Chrome Headless
[INFO ] 2023-05-16 01:04:15.020 [main] BaseTest - Landing Page opened successfully.
[INFO ] 2023-05-16 01:04:16.655 [main] BaseTest - WebDriver driver initialized.
[INFO ] 2023-05-16 01:04:17.259 [main] BaseTest - Browser is selected as Chrome Headless
[INFO ] 2023-05-16 01:04:18.862 [main] BaseTest - Landing Page opened successfully.
[INFO ] 2023-05-16 01:04:20.439 [main] BaseTest - WebDriver driver initialized.
[INFO ] 2023-05-16 01:04:21.040 [main] BaseTest - Browser is selected as Chrome Headless
[INFO ] 2023-05-16 01:04:22.541 [main] BaseTest - Landing Page opened successfully.
[INFO ] 2023-05-16 01:04:52.578 [main] BaseTest - WebDriver driver initialized.
[INFO ] 2023-05-16 01:04:54.107 [main] BaseTest - Browser is selected as Chrome
[INFO ] 2023-05-16 01:04:55.119 [main] BaseTest - Landing Page opened successfully.
[INFO ] 2023-05-16 01:04:56.883 [main] BaseTest - WebDriver driver initialized.
[INFO ] 2023-05-16 01:04:57.634 [main] BaseTest - Browser is selected as Chrome
[INFO ] 2023-05-16 01:04:58.291 [main] BaseTest - Landing Page opened successfully.
[INFO ] 2023-05-16 01:05:00.012 [main] BaseTest - WebDriver driver initialized.
[INFO ] 2023-05-16 01:05:00.751 [main] BaseTest - Browser is selected as Chrome
[INFO ] 2023-05-16 01:05:01.431 [main] BaseTest - Landing Page opened successfully.
[INFO ] 2023-05-16 01:06:41.832 [main] BaseTest - WebDriver driver initialized.
[INFO ] 2023-05-16 01:06:43.664 [main] BaseTest - Browser is selected as Chrome
[INFO ] 2023-05-16 01:06:44.418 [main] BaseTest - Landing Page opened successfully.
[INFO ] 2023-05-16 01:06:46.179 [main] BaseTest - WebDriver driver initialized.
[INFO ] 2023-05-16 01:06:46.849 [main] BaseTest - Browser is selected as Chrome
[INFO ] 2023-05-16 01:06:47.520 [main] BaseTest - Landing Page opened successfully.
[INFO ] 2023-05-16 01:06:49.235 [main] BaseTest - WebDriver driver initialized.
[INFO ] 2023-05-16 01:06:49.987 [main] BaseTest - Browser is selected as Chrome
[INFO ] 2023-05-16 01:06:50.635 [main] BaseTest - Landing Page opened successfully.
[INFO ] 2023-05-16 01:08:29.695 [main] BaseTest - WebDriver driver initialized.
[INFO ] 2023-05-16 01:08:31.205 [main] BaseTest - Browser is selected as Chrome
[INFO ] 2023-05-16 01:08:31.928 [main] BaseTest - Landing Page opened successfully.
[INFO ] 2023-05-16 01:08:33.775 [main] BaseTest - WebDriver driver initialized.
[INFO ] 2023-05-16 01:08:34.441 [main] BaseTest - Browser is selected as Chrome
[INFO ] 2023-05-16 01:08:35.146 [main] BaseTest - Landing Page opened successfully.
[INFO ] 2023-05-16 01:08:36.877 [main] BaseTest - WebDriver driver initialized.
[INFO ] 2023-05-16 01:08:37.533 [main] BaseTest - Browser is selected as Chrome
[INFO ] 2023-05-16 01:08:38.219 [main] BaseTest - Landing Page opened successfully.
[INFO ] 2023-05-16 01:12:18.260 [main] BaseTest - WebDriver driver initialized.
[INFO ] 2023-05-16 01:12:20.234 [main] BaseTest - Browser is selected as Chrome
[INFO ] 2023-05-16 01:12:20.951 [main] BaseTest - Landing Page opened successfully.
[INFO ] 2023-05-16 01:12:22.791 [main] BaseTest - WebDriver driver initialized.
[INFO ] 2023-05-16 01:12:23.491 [main] BaseTest - Browser is selected as Chrome
[INFO ] 2023-05-16 01:12:25.086 [main] BaseTest - Landing Page opened successfully.
[INFO ] 2023-05-16 01:12:26.826 [main] BaseTest - WebDriver driver initialized.
[INFO ] 2023-05-16 01:12:27.550 [main] BaseTest - Browser is selected as Chrome
[INFO ] 2023-05-16 01:12:28.189 [main] BaseTest - Landing Page opened successfully.
[INFO ] 2023-05-16 01:15:40.915 [main] BaseTest - WebDriver driver initialized.
[INFO ] 2023-05-16 01:15:42.595 [main] BaseTest - Browser is selected as Chrome
[INFO ] 2023-05-16 01:15:43.332 [main] BaseTest - Landing Page opened successfully.
[INFO ] 2023-05-16 01:15:45.201 [main] BaseTest - WebDriver driver initialized.
[INFO ] 2023-05-16 01:15:45.886 [main] BaseTest - Browser is selected as Chrome
[INFO ] 2023-05-16 01:15:46.570 [main] BaseTest - Landing Page opened successfully.
[INFO ] 2023-05-16 01:15:48.336 [main] BaseTest - WebDriver driver initialized.
[INFO ] 2023-05-16 01:15:49.012 [main] BaseTest - Browser is selected as Chrome
[INFO ] 2023-05-16 01:15:50.499 [main] BaseTest - Landing Page opened successfully.
[INFO ] 2023-05-16 01:17:57.203 [main] BaseTest - WebDriver driver initialized.
[INFO ] 2023-05-16 01:17:58.999 [main] BaseTest - Browser is selected as Chrome
[INFO ] 2023-05-16 01:17:59.633 [main] BaseTest - Landing Page opened successfully.
[INFO ] 2023-05-16 01:20:29.077 [main] BaseTest - WebDriver driver initialized.
[INFO ] 2023-05-16 01:20:30.752 [main] BaseTest - Browser is selected as Chrome
[INFO ] 2023-05-16 01:20:39.987 [main] BaseTest - WebDriver driver initialized.
[INFO ] 2023-05-16 01:20:41.648 [main] BaseTest - Browser is selected as Chrome
[INFO ] 2023-05-16 01:20:42.378 [main] BaseTest - Landing Page opened successfully.
[INFO ] 2023-05-16 01:21:47.682 [main] BaseTest - WebDriver driver initialized.
[INFO ] 2023-05-16 01:21:49.248 [main] BaseTest - Browser is selected as Chrome
[INFO ] 2023-05-16 01:21:49.985 [main] BaseTest - Landing Page opened successfully.
[INFO ] 2023-05-16 01:21:54.494 [main] BaseTest - Confirmation Message for order placement validated.
[INFO ] 2023-05-16 01:22:55.321 [main] BaseTest - WebDriver driver initialized.
[INFO ] 2023-05-16 01:22:56.863 [main] BaseTest - Browser is selected as Chrome
[INFO ] 2023-05-16 01:22:57.558 [main] BaseTest - Landing Page opened successfully.
[INFO ] 2023-05-16 01:23:01.956 [main] BaseTest - Confirmation Message for order placement validated.
[INFO ] 2023-05-16 01:23:01.964 [main] BaseTest - WebDriver driver initialized.
[INFO ] 2023-05-16 01:23:02.627 [main] BaseTest - Browser is selected as Chrome
[INFO ] 2023-05-16 01:23:03.284 [main] BaseTest - Landing Page opened successfully.
[INFO ] 2023-05-16 01:23:07.609 [main] BaseTest - Confirmation Message for order placement validated.
[INFO ] 2023-05-16 01:23:07.613 [main] BaseTest - WebDriver driver initialized.
[INFO ] 2023-05-16 01:23:08.270 [main] BaseTest - Browser is selected as Chrome
[INFO ] 2023-05-16 01:23:08.935 [main] BaseTest - Landing Page opened successfully.
[INFO ] 2023-05-16 01:23:13.373 [main] BaseTest - Confirmation Message for order placement validated.
[INFO ] 2023-05-16 19:33:29.556 [main] BaseTest - WebDriver driver initialized.
[INFO ] 2023-05-16 19:33:32.539 [main] BaseTest - Browser is selected as Chrome
[INFO ] 2023-05-16 19:33:34.475 [main] BaseTest - Landing Page opened successfully.
[INFO ] 2023-05-16 19:33:34.702 [main] BaseTest - WebDriver driver initialized.
[INFO ] 2023-05-16 19:33:35.363 [main] BaseTest - Browser is selected as Chrome
[INFO ] 2023-05-16 19:33:36.002 [main] BaseTest - Landing Page opened successfully.
[INFO ] 2023-05-16 19:33:36.253 [main] BaseTest - WebDriver driver initialized.
[INFO ] 2023-05-16 19:33:36.919 [main] BaseTest - Browser is selected as Chrome
[INFO ] 2023-05-16 19:33:37.868 [main] BaseTest - Landing Page opened successfully.
[INFO ] 2023-05-16 19:33:38.087 [main] BaseTest - WebDriver driver initialized.
[INFO ] 2023-05-16 19:33:38.773 [main] BaseTest - Browser is selected as Chrome
[INFO ] 2023-05-16 19:33:39.491 [main] BaseTest - Landing Page opened successfully.
[INFO ] 2023-05-16 19:33:43.850 [main] BaseTest - WebDriver driver initialized.
[INFO ] 2023-05-16 19:33:44.572 [main] BaseTest - Browser is selected as Chrome
[INFO ] 2023-05-16 19:33:46.262 [main] BaseTest - Landing Page opened successfully.
[INFO ] 2023-05-16 19:33:50.504 [main] BaseTest - WebDriver driver initialized.
[INFO ] 2023-05-16 19:33:51.267 [main] BaseTest - Browser is selected as Chrome
[INFO ] 2023-05-16 19:33:52.169 [main] BaseTest - Landing Page opened successfully.
[INFO ] 2023-05-16 20:02:07.906 [main] BaseTest - WebDriver driver initialized.
[INFO ] 2023-05-16 20:02:09.933 [main] BaseTest - Browser is selected as Chrome
[INFO ] 2023-05-16 20:02:14.177 [main] BaseTest - Landing Page opened successfully.
[INFO ] 2023-05-16 20:02:15.446 [main] BaseTest - WebDriver driver initialized.
[INFO ] 2023-05-16 20:02:16.294 [main] BaseTest - Browser is selected as Chrome
[INFO ] 2023-05-16 20:02:16.981 [main] BaseTest - Landing Page opened successfully.
[INFO ] 2023-05-16 20:02:17.535 [main] BaseTest - WebDriver driver initialized.
[INFO ] 2023-05-16 20:02:18.298 [main] BaseTest - Browser is selected as Chrome
[INFO ] 2023-05-16 20:02:20.072 [main] BaseTest - Landing Page opened successfully.
[INFO ] 2023-05-16 20:02:21.155 [main] BaseTest - WebDriver driver initialized.
[INFO ] 2023-05-16 20:02:21.917 [main] BaseTest - Browser is selected as Chrome
[INFO ] 2023-05-16 20:02:24.168 [main] BaseTest - Landing Page opened successfully.
[INFO ] 2023-05-16 20:02:29.182 [main] BaseTest - WebDriver driver initialized.
[INFO ] 2023-05-16 20:02:30.044 [main] BaseTest - Browser is selected as Chrome
[INFO ] 2023-05-16 20:02:31.960 [main] BaseTest - Landing Page opened successfully.
[INFO ] 2023-05-16 20:02:36.652 [main] BaseTest - WebDriver driver initialized.
[INFO ] 2023-05-16 20:02:37.373 [main] BaseTest - Browser is selected as Chrome
[INFO ] 2023-05-16 20:02:39.122 [main] BaseTest - Landing Page opened successfully.
[INFO ] 2023-05-16 20:16:24.942 [main] BaseTest - WebDriver driver initialized.
[INFO ] 2023-05-16 20:16:26.664 [main] BaseTest - Browser is selected as Chrome
[INFO ] 2023-05-16 20:16:28.451 [main] BaseTest - Landing Page opened successfully.
[INFO ] 2023-05-16 20:16:29.551 [main] BaseTest - WebDriver driver initialized.
[INFO ] 2023-05-16 20:16:30.232 [main] BaseTest - Browser is selected as Chrome
[INFO ] 2023-05-16 20:16:31.192 [main] BaseTest - Landing Page opened successfully.
[INFO ] 2023-05-16 20:16:31.690 [main] BaseTest - WebDriver driver initialized.
[INFO ] 2023-05-16 20:16:32.388 [main] BaseTest - Browser is selected as Chrome
[INFO ] 2023-05-16 20:16:36.296 [main] BaseTest - Landing Page opened successfully.
[INFO ] 2023-05-16 23:05:39.051 [main] BaseTest - WebDriver driver initialized.
[INFO ] 2023-05-16 23:05:42.508 [main] BaseTest - Browser is selected as Chrome
[INFO ] 2023-05-16 23:05:43.312 [main] BaseTest - Landing Page opened successfully.
[INFO ] 2023-05-16 23:05:44.422 [main] BaseTest - WebDriver driver initialized.
[INFO ] 2023-05-16 23:05:45.163 [main] BaseTest - Browser is selected as Chrome
[INFO ] 2023-05-16 23:05:45.885 [main] BaseTest - Landing Page opened successfully.
[INFO ] 2023-05-16 23:05:46.950 [main] BaseTest - WebDriver driver initialized.
[INFO ] 2023-05-16 23:05:47.649 [main] BaseTest - Browser is selected as Chrome
[INFO ] 2023-05-16 23:05:49.198 [main] BaseTest - Landing Page opened successfully.
[INFO ] 2023-05-16 23:05:50.203 [main] BaseTest - WebDriver driver initialized.
[INFO ] 2023-05-16 23:05:50.922 [main] BaseTest - Browser is selected as Chrome
[INFO ] 2023-05-16 23:05:51.592 [main] BaseTest - Landing Page opened successfully.
[INFO ] 2023-05-16 23:05:56.007 [main] BaseTest - WebDriver driver initialized.
[INFO ] 2023-05-16 23:05:56.670 [main] BaseTest - Browser is selected as Chrome
[INFO ] 2023-05-16 23:05:57.353 [main] BaseTest - Landing Page opened successfully.
[INFO ] 2023-05-16 23:06:01.754 [main] BaseTest - WebDriver driver initialized.
[INFO ] 2023-05-16 23:06:02.413 [main] BaseTest - Browser is selected as Chrome
[INFO ] 2023-05-16 23:06:03.874 [main] BaseTest - Landing Page opened successfully.
